<?xml version="1.0" encoding="UTF-8"?>
<!-- Generated by org.testng.reporters.JUnitReportReporter -->
<testsuite hostname="Shiv" failures="0" tests="2" name="WebElement.ToRegisterAndLoginUserTest" time="10.796" errors="0" timestamp="2024-03-01T16:49:17 IST" skipped="0">
  <testcase classname="WebElement.ToRegisterAndLoginUserTest" name="toRegisterUserTest" time="8.228"/>
  <testcase classname="WebElement.ToRegisterAndLoginUserTest" name="toLoginUserTest" time="2.568"/>
</testsuite> <!-- WebElement.ToRegisterAndLoginUserTest -->
